<?xml version="1.0" encoding="UTF-8"?>
<testsuite name="FactorialTest" tests="3" skipped="0" failures="0" errors="0" timestamp="2022-01-17T17:15:50" hostname="LAPTOP-QTUCJICC" time="0.151">
  <properties/>
  <testcase name="FactorialOfFiveIsOneHundredTwenty()" classname="FactorialTest" time="0.136"/>
  <testcase name="FactorialOfTwoIsTwo()" classname="FactorialTest" time="0.006"/>
  <testcase name="FactorialOfOneIsOne()" classname="FactorialTest" time="0.004"/>
  <system-out><![CDATA[]]></system-out>
  <system-err><![CDATA[]]></system-err>
</testsuite>
